2019-09-30 15:42:08,524 [1] INFO  InfoRollingFileAppender [(null)] - 姓名:张三,账号:zhangsan登录成功
2019-09-30 15:42:08,602 [1] INFO  InfoRollingFileAppender [(null)] - ---------------------------------------------------------------
2019-09-30 15:42:14,432 [1] INFO  InfoRollingFileAppender [(null)] - 余额查询，剩余:19888元
2019-09-30 15:42:14,443 [1] INFO  InfoRollingFileAppender [(null)] - 取走12元,结果为:1
2019-09-30 15:42:19,666 [1] INFO  InfoRollingFileAppender [(null)] - 余额查询，剩余:19876元
2019-09-30 15:42:19,678 [1] INFO  InfoRollingFileAppender [(null)] - 存钱312312元,结果为:1
2019-09-30 15:44:14,608 [1] INFO  InfoRollingFileAppender [(null)] - 退出系统
2019-09-30 15:44:14,621 [1] INFO  InfoRollingFileAppender [(null)] - ---------------------------------------------------------------
2019-09-30 15:44:19,486 [1] INFO  InfoRollingFileAppender [(null)] - 姓名:李四,账号:lisi登录成功
2019-09-30 15:44:19,496 [1] INFO  InfoRollingFileAppender [(null)] - ---------------------------------------------------------------
2019-09-30 15:44:25,017 [1] INFO  InfoRollingFileAppender [(null)] - 余额查询，剩余:10000元
2019-09-30 15:44:25,033 [1] INFO  InfoRollingFileAppender [(null)] - 存钱121221元,结果为:1
2019-09-30 15:44:29,327 [1] INFO  InfoRollingFileAppender [(null)] - 余额查询，剩余:131221元
2019-09-30 15:44:29,337 [1] INFO  InfoRollingFileAppender [(null)] - 取走3232元,结果为:1
2019-09-30 15:44:34,952 [1] INFO  InfoRollingFileAppender [(null)] - 退出系统
2019-09-30 15:44:34,962 [1] INFO  InfoRollingFileAppender [(null)] - ---------------------------------------------------------------
2019-09-30 15:44:38,644 [1] INFO  InfoRollingFileAppender [(null)] - 关闭软件
2019-09-30 15:44:38,654 [1] INFO  InfoRollingFileAppender [(null)] - ******************************************
2019-09-30 15:53:03,392 [1] INFO  InfoRollingFileAppender [(null)] - 姓名:张三,账号:zhangsan登录成功
2019-09-30 15:53:03,457 [1] INFO  InfoRollingFileAppender [(null)] - ---------------------------------------------------------------
2019-09-30 16:11:28,931 [1] INFO  InfoRollingFileAppender [(null)] - 姓名:张三,账号:zhangsan登录成功
2019-09-30 16:11:28,990 [1] INFO  InfoRollingFileAppender [(null)] - ---------------------------------------------------------------
2019-09-30 16:11:38,496 [1] INFO  InfoRollingFileAppender [(null)] - 余额查询，剩余:30000元
2019-09-30 16:11:38,518 [1] INFO  InfoRollingFileAppender [(null)] - 存钱44444元,结果为:-2
2019-09-30 16:11:44,930 [1] INFO  InfoRollingFileAppender [(null)] - 余额查询，剩余:30000元
2019-09-30 16:11:44,962 [1] INFO  InfoRollingFileAppender [(null)] - 存钱32132元,结果为:-2
2019-09-30 16:11:50,445 [1] INFO  InfoRollingFileAppender [(null)] - 退出系统
2019-09-30 16:11:50,468 [1] INFO  InfoRollingFileAppender [(null)] - ---------------------------------------------------------------
2019-09-30 16:11:53,809 [1] INFO  InfoRollingFileAppender [(null)] - 姓名:张三,账号:zhangsan登录成功
2019-09-30 16:11:53,818 [1] INFO  InfoRollingFileAppender [(null)] - ---------------------------------------------------------------
2019-09-30 16:11:58,615 [1] INFO  InfoRollingFileAppender [(null)] - 余额查询，剩余:30000元
2019-09-30 16:11:58,625 [1] INFO  InfoRollingFileAppender [(null)] - 存钱3123元,结果为:-2
2019-09-30 16:12:05,188 [1] INFO  InfoRollingFileAppender [(null)] - 退出系统
2019-09-30 16:12:05,199 [1] INFO  InfoRollingFileAppender [(null)] - ---------------------------------------------------------------
2019-09-30 16:12:07,531 [1] INFO  InfoRollingFileAppender [(null)] - 关闭软件
2019-09-30 16:12:07,548 [1] INFO  InfoRollingFileAppender [(null)] - ******************************************
2019-09-30 16:12:21,521 [1] INFO  InfoRollingFileAppender [(null)] - 姓名:张三,账号:zhangsan登录成功
2019-09-30 16:12:21,601 [1] INFO  InfoRollingFileAppender [(null)] - ---------------------------------------------------------------
2019-09-30 16:12:26,304 [1] INFO  InfoRollingFileAppender [(null)] - 余额查询，剩余:30000元
2019-09-30 16:12:26,371 [1] INFO  InfoRollingFileAppender [(null)] - 存钱222元,结果为:-2
2019-09-30 16:13:15,933 [1] INFO  InfoRollingFileAppender [(null)] - 余额查询，剩余:30000元
2019-09-30 16:13:57,870 [1] INFO  InfoRollingFileAppender [(null)] - 存钱3231元,结果为:-2
2019-09-30 16:14:29,364 [1] INFO  InfoRollingFileAppender [(null)] - 余额查询，剩余:30000元
2019-09-30 16:19:42,257 [1] INFO  InfoRollingFileAppender [(null)] - 姓名:张三,账号:zhangsan登录成功
2019-09-30 16:19:42,312 [1] INFO  InfoRollingFileAppender [(null)] - ---------------------------------------------------------------
2019-09-30 16:19:51,322 [1] INFO  InfoRollingFileAppender [(null)] - 余额查询，剩余:30000元
2019-09-30 16:20:01,648 [1] INFO  InfoRollingFileAppender [(null)] - 存钱13132元,结果为:-2
2019-09-30 22:58:22,402 [1] INFO  InfoRollingFileAppender [(null)] - 姓名:张三,账号:zhangsan登录成功
2019-09-30 22:58:22,485 [1] INFO  InfoRollingFileAppender [(null)] - ---------------------------------------------------------------
2019-09-30 22:58:27,502 [1] INFO  InfoRollingFileAppender [(null)] - 余额查询，剩余:30000元
2019-09-30 22:58:27,512 [1] INFO  InfoRollingFileAppender [(null)] - 存钱12313元,结果为:1
