2019-10-01 12:15:12,831 [1] INFO  InfoRollingFileAppender [(null)] - 姓名:张三,账号:zhangsan登录成功
2019-10-01 12:15:12,937 [1] INFO  InfoRollingFileAppender [(null)] - ---------------------------------------------------------------
2019-10-01 12:15:16,871 [1] INFO  InfoRollingFileAppender [(null)] - 余额查询，剩余:42359.8236112184元
2019-10-01 12:18:35,469 [1] INFO  InfoRollingFileAppender [(null)] - 余额查询，剩余:42359.8236112184元
2019-10-01 12:18:37,331 [1] INFO  InfoRollingFileAppender [(null)] - 余额查询，剩余:42359.8236112184元
2019-10-01 12:18:50,791 [1] INFO  InfoRollingFileAppender [(null)] - 余额查询，剩余:42359.8236112184元
2019-10-01 12:18:50,804 [1] INFO  InfoRollingFileAppender [(null)] - 取走20000元,结果为:1
2019-10-01 12:18:52,558 [1] INFO  InfoRollingFileAppender [(null)] - 余额查询，剩余:22359.8236112184元
2019-10-01 12:20:12,974 [1] INFO  InfoRollingFileAppender [(null)] - 退出系统
2019-10-01 12:20:12,988 [1] INFO  InfoRollingFileAppender [(null)] - ---------------------------------------------------------------
2019-10-01 12:38:15,155 [1] INFO  InfoRollingFileAppender [(null)] - 姓名:罗八,账号:luoba,注册成功
2019-10-01 17:03:51,405 [1] INFO  InfoRollingFileAppender [(null)] - 姓名:张三,账号:zhangsan登录成功
2019-10-01 17:03:51,447 [1] INFO  InfoRollingFileAppender [(null)] - ---------------------------------------------------------------
2019-10-01 17:04:42,090 [1] INFO  InfoRollingFileAppender [(null)] - 余额查询，剩余:22368.8510890818元
2019-10-01 17:04:53,106 [1] INFO  InfoRollingFileAppender [(null)] - 余额查询，剩余:22368.8510890818元
2019-10-01 17:05:46,751 [1] INFO  InfoRollingFileAppender [(null)] - 余额查询，剩余:22368.8510890818元
2019-10-01 17:05:46,757 [1] INFO  InfoRollingFileAppender [(null)] - 取走1110元,结果为:1
2019-10-01 17:06:09,179 [1] INFO  InfoRollingFileAppender [(null)] - 余额查询，剩余:21258.8510890818元
2019-10-01 17:06:09,184 [1] INFO  InfoRollingFileAppender [(null)] - 存钱2000元,结果为:1
2019-10-01 17:06:24,692 [1] INFO  InfoRollingFileAppender [(null)] - 余额查询，剩余:23258.8510890818元
2019-10-01 17:08:14,215 [1] INFO  InfoRollingFileAppender [(null)] - 退出系统
2019-10-01 17:08:14,218 [1] INFO  InfoRollingFileAppender [(null)] - ---------------------------------------------------------------
2019-10-01 17:10:38,142 [1] INFO  InfoRollingFileAppender [(null)] - 姓名:张三,账号:zhangsan登录成功
2019-10-01 17:10:38,182 [1] INFO  InfoRollingFileAppender [(null)] - ---------------------------------------------------------------
2019-10-01 17:10:39,170 [1] INFO  InfoRollingFileAppender [(null)] - 余额查询，剩余:23259.1447455927元
2019-10-01 17:11:17,581 [1] INFO  InfoRollingFileAppender [(null)] - 姓名:张三,账号:zhangsan登录成功
2019-10-01 17:11:17,621 [1] INFO  InfoRollingFileAppender [(null)] - ---------------------------------------------------------------
2019-10-01 17:11:18,569 [1] INFO  InfoRollingFileAppender [(null)] - 余额查询，剩余:23259.021元
2019-10-01 17:11:27,409 [1] INFO  InfoRollingFileAppender [(null)] - 余额查询，剩余:23259.021元
2019-10-01 17:13:09,950 [1] INFO  InfoRollingFileAppender [(null)] - 姓名:张三,账号:zhangsan登录成功
2019-10-01 17:13:09,983 [1] INFO  InfoRollingFileAppender [(null)] - ---------------------------------------------------------------
2019-10-01 17:13:10,753 [1] INFO  InfoRollingFileAppender [(null)] - 余额查询，剩余:23259.060元
2019-10-01 17:13:15,154 [1] INFO  InfoRollingFileAppender [(null)] - 退出系统
2019-10-01 17:13:15,154 [1] INFO  InfoRollingFileAppender [(null)] - ---------------------------------------------------------------
2019-10-01 17:14:30,537 [1] INFO  InfoRollingFileAppender [(null)] - 姓名:张三,账号:zhangsan登录成功
2019-10-01 17:14:30,577 [1] INFO  InfoRollingFileAppender [(null)] - ---------------------------------------------------------------
2019-10-01 17:14:31,617 [1] INFO  InfoRollingFileAppender [(null)] - 余额查询，剩余:23259.043元
2019-10-01 17:16:56,343 [1] INFO  InfoRollingFileAppender [(null)] - 姓名:张三,账号:zhangsan登录成功
2019-10-01 17:16:56,382 [1] INFO  InfoRollingFileAppender [(null)] - ---------------------------------------------------------------
2019-10-01 17:17:25,344 [1] INFO  InfoRollingFileAppender [(null)] - 姓名:张三,账号:zhangsan登录成功
2019-10-01 17:17:25,384 [1] INFO  InfoRollingFileAppender [(null)] - ---------------------------------------------------------------
2019-10-01 17:17:31,729 [1] INFO  InfoRollingFileAppender [(null)] - 余额查询，剩余:23259.016元
2019-10-01 17:20:22,115 [1] INFO  InfoRollingFileAppender [(null)] - 姓名:张三,账号:zhangsan登录成功
2019-10-01 17:20:22,154 [1] INFO  InfoRollingFileAppender [(null)] - ---------------------------------------------------------------
2019-10-01 17:22:19,861 [1] INFO  InfoRollingFileAppender [(null)] - 姓名:张三,账号:zhangsan登录成功
2019-10-01 17:22:19,911 [1] INFO  InfoRollingFileAppender [(null)] - ---------------------------------------------------------------
2019-10-01 17:22:20,904 [1] INFO  InfoRollingFileAppender [(null)] - 余额查询，剩余:23259.063元
